[2025-10-19T21:38:41.894+0000] {taskinstance.py:1956} INFO - Dependencies all met for dep_context=non-requeueable deps ti=<TaskInstance: doc_reporter_pipeline.run_analysis_service manual__2025-10-19T21:38:10.045895+00:00 [queued]>
[2025-10-19T21:38:41.918+0000] {taskinstance.py:1956} INFO - Dependencies all met for dep_context=requeueable deps ti=<TaskInstance: doc_reporter_pipeline.run_analysis_service manual__2025-10-19T21:38:10.045895+00:00 [queued]>
[2025-10-19T21:38:41.918+0000] {taskinstance.py:2170} INFO - Starting attempt 1 of 1
[2025-10-19T21:38:41.973+0000] {taskinstance.py:2191} INFO - Executing <Task(DockerOperator): run_analysis_service> on 2025-10-19 21:38:10.045895+00:00
[2025-10-19T21:38:41.976+0000] {standard_task_runner.py:60} INFO - Started process 76 to run task
[2025-10-19T21:38:41.978+0000] {standard_task_runner.py:87} INFO - Running: ['airflow', 'tasks', 'run', 'doc_reporter_pipeline', 'run_analysis_service', 'manual__2025-10-19T21:38:10.045895+00:00', '--job-id', '11', '--raw', '--subdir', 'DAGS_FOLDER/doc_reporter_pipeline.py', '--cfg-path', '/tmp/tmp8ts4lwjl']
[2025-10-19T21:38:41.980+0000] {standard_task_runner.py:88} INFO - Job 11: Subtask run_analysis_service
[2025-10-19T21:38:42.064+0000] {task_command.py:423} INFO - Running <TaskInstance: doc_reporter_pipeline.run_analysis_service manual__2025-10-19T21:38:10.045895+00:00 [running]> on host 164acf488410
[2025-10-19T21:38:42.115+0000] {abstractoperator.py:707} ERROR - Exception rendering Jinja template for task 'run_analysis_service', field 'env_file'. Template: '/opt/airflow/.env'
Traceback (most recent call last):
  File "/home/airflow/.local/lib/python3.8/site-packages/airflow/models/abstractoperator.py", line 699, in _do_render_template_fields
    rendered_content = self.render_template(
  File "/home/airflow/.local/lib/python3.8/site-packages/airflow/template/templater.py", line 171, in render_template
    template = jinja_env.get_template(value)
  File "/home/airflow/.local/lib/python3.8/site-packages/jinja2/environment.py", line 1010, in get_template
    return self._load_template(name, globals)
  File "/home/airflow/.local/lib/python3.8/site-packages/jinja2/environment.py", line 969, in _load_template
    template = self.loader.load(self, name, self.make_globals(globals))
  File "/home/airflow/.local/lib/python3.8/site-packages/jinja2/loaders.py", line 125, in load
    source, filename, uptodate = self.get_source(environment, name)
  File "/home/airflow/.local/lib/python3.8/site-packages/jinja2/loaders.py", line 204, in get_source
    raise TemplateNotFound(template)
jinja2.exceptions.TemplateNotFound: /opt/airflow/.env
[2025-10-19T21:38:42.116+0000] {taskinstance.py:2698} ERROR - Task failed with exception
Traceback (most recent call last):
  File "/home/airflow/.local/lib/python3.8/site-packages/airflow/models/taskinstance.py", line 2334, in _run_raw_task
    self._execute_task_with_callbacks(context, test_mode, session=session)
  File "/home/airflow/.local/lib/python3.8/site-packages/airflow/models/taskinstance.py", line 2465, in _execute_task_with_callbacks
    task_orig = self.render_templates(context=context)
  File "/home/airflow/.local/lib/python3.8/site-packages/airflow/models/taskinstance.py", line 2877, in render_templates
    original_task.render_template_fields(context)
  File "/home/airflow/.local/lib/python3.8/site-packages/airflow/models/baseoperator.py", line 1241, in render_template_fields
    self._do_render_template_fields(self, self.template_fields, context, jinja_env, set())
  File "/home/airflow/.local/lib/python3.8/site-packages/airflow/utils/session.py", line 79, in wrapper
    return func(*args, session=session, **kwargs)
  File "/home/airflow/.local/lib/python3.8/site-packages/airflow/models/abstractoperator.py", line 699, in _do_render_template_fields
    rendered_content = self.render_template(
  File "/home/airflow/.local/lib/python3.8/site-packages/airflow/template/templater.py", line 171, in render_template
    template = jinja_env.get_template(value)
  File "/home/airflow/.local/lib/python3.8/site-packages/jinja2/environment.py", line 1010, in get_template
    return self._load_template(name, globals)
  File "/home/airflow/.local/lib/python3.8/site-packages/jinja2/environment.py", line 969, in _load_template
    template = self.loader.load(self, name, self.make_globals(globals))
  File "/home/airflow/.local/lib/python3.8/site-packages/jinja2/loaders.py", line 125, in load
    source, filename, uptodate = self.get_source(environment, name)
  File "/home/airflow/.local/lib/python3.8/site-packages/jinja2/loaders.py", line 204, in get_source
    raise TemplateNotFound(template)
jinja2.exceptions.TemplateNotFound: /opt/airflow/.env
[2025-10-19T21:38:42.125+0000] {taskinstance.py:1138} INFO - Marking task as FAILED. dag_id=doc_reporter_pipeline, task_id=run_analysis_service, execution_date=20251019T213810, start_date=20251019T213841, end_date=20251019T213842
[2025-10-19T21:38:42.157+0000] {standard_task_runner.py:107} ERROR - Failed to execute job 11 for task run_analysis_service (/opt/airflow/.env; 76)
[2025-10-19T21:38:42.192+0000] {local_task_job_runner.py:234} INFO - Task exited with return code 1
[2025-10-19T21:38:42.260+0000] {taskinstance.py:3280} INFO - 0 downstream tasks scheduled from follow-on schedule check
